<?xml version="1.0" encoding="UTF-8"?>
<!-- Generated by org.testng.reporters.JUnitReportReporter -->
<testsuite hostname="DESKTOP-4FAP0M2" failures="0" tests="1" name="runner.Run" time="7.876" errors="0" timestamp="2023-01-16T15:19:01 GMT-04:00" skipped="0">
  <testcase classname="runner.Run" name="runScenario" time="7.876"/>
  <system-out/>
</testsuite> <!-- runner.Run -->
