<?xml version="1.0" encoding="UTF-8"?>
<!-- Generated by org.testng.reporters.JUnitReportReporter -->
<testsuite hostname="DESKTOP-4FAP0M2" failures="0" tests="1" name="runner.Run" time="5.736" errors="0" timestamp="2023-01-12T18:50:33 GMT-04:00" skipped="0">
  <testcase classname="runner.Run" name="runScenario" time="5.736"/>
  <system-out/>
</testsuite> <!-- runner.Run -->
